<?xml version="1.0" encoding="UTF-8"?>
<testng-results ignored="0" total="1" passed="1" failed="0" skipped="0">
  <reporter-output>
  </reporter-output>
  <suite started-at="2024-12-28T13:32:48 PST" name="Default suite" finished-at="2024-12-28T13:33:20 PST" duration-ms="32650">
    <groups>
    </groups>
    <test started-at="2024-12-28T13:32:48 PST" name="Default test" finished-at="2024-12-28T13:33:20 PST" duration-ms="32650">
      <class name="tests.CartTest">
        <test-method is-config="true" signature="startServer()[pri:0, instance:tests.CartTest@696f0212]" started-at="2024-12-28T13:32:48 PST" name="startServer" finished-at="2024-12-28T13:32:48 PST" duration-ms="12" status="PASS">
          <reporter-output>
          </reporter-output>
        </test-method> <!-- startServer -->
        <test-method is-config="true" signature="setUp()[pri:0, instance:tests.CartTest@696f0212]" started-at="2024-12-28T13:32:48 PST" name="setUp" finished-at="2024-12-28T13:32:58 PST" duration-ms="10411" status="PASS">
          <reporter-output>
          </reporter-output>
        </test-method> <!-- setUp -->
        <test-method signature="getCartPageTestCaseC34()[pri:0, instance:tests.CartTest@696f0212]" started-at="2024-12-28T13:32:58 PST" name="getCartPageTestCaseC34" finished-at="2024-12-28T13:33:20 PST" duration-ms="22209" status="PASS">
          <reporter-output>
          </reporter-output>
        </test-method> <!-- getCartPageTestCaseC34 -->
        <test-method is-config="true" signature="stopServer()[pri:0, instance:tests.CartTest@696f0212]" started-at="2024-12-28T13:33:20 PST" name="stopServer" finished-at="2024-12-28T13:33:20 PST" duration-ms="0" status="PASS">
          <reporter-output>
          </reporter-output>
        </test-method> <!-- stopServer -->
      </class> <!-- tests.CartTest -->
    </test> <!-- Default test -->
  </suite> <!-- Default suite -->
</testng-results>
